GROUP,PACKAGE,CLASS,INSTRUCTION_MISSED,INSTRUCTION_COVERED,BRANCH_MISSED,BRANCH_COVERED,LINE_MISSED,LINE_COVERED,COMPLEXITY_MISSED,COMPLEXITY_COVERED,METHOD_MISSED,METHOD_COVERED
AsyncAPI :: Java generator,de.dentrassi.asyncapi.generator.java,TypeInformation,21,0,0,0,8,0,4,0,4,0
AsyncAPI :: Java generator,de.dentrassi.asyncapi.generator.java,PropertyInformation,27,0,0,0,10,0,5,0,5,0
AsyncAPI :: Java generator,de.dentrassi.asyncapi.generator.java,TopicInformation.Status,0,58,0,0,0,2,0,4,0,4
AsyncAPI :: Java generator,de.dentrassi.asyncapi.generator.java,Generator,975,0,62,0,190,0,68,0,37,0
AsyncAPI :: Java generator,de.dentrassi.asyncapi.generator.java,PackageTypeBuilder,562,0,16,0,121,0,31,0,23,0
AsyncAPI :: Java generator,de.dentrassi.asyncapi.generator.java,TopicInformation,0,169,2,18,0,46,2,18,0,10
AsyncAPI :: Java generator,de.dentrassi.asyncapi.generator.java,PackageTypeBuilder.ClassTypeBuilder,87,0,2,0,21,0,6,0,5,0
